<?xml version="1.0" encoding="UTF-8"?>
<!-- Generated by org.testng.reporters.JUnitXMLReporter -->
<testsuite hostname="DESKTOP-QL1AS75" ignored="0" name="Default test" tests="15" failures="1" timestamp="28 Mar 2020 09:44:33 GMT" time="59.916" errors="0">
  <testcase name="verifyPageTitleTest" time="0.136" classname="com.amazon.tests.AmazonTestCases"/>
  <testcase name="verifyAmazonLogo" time="0.197" classname="com.amazon.tests.AmazonTestCases"/>
  <testcase name="verifyAmazonLogoColor" time="0.063" classname="com.amazon.tests.AmazonTestCases"/>
  <testcase name="verifyAmazonLogoClickable" time="5.101" classname="com.amazon.tests.AmazonTestCases"/>
  <testcase name="verifyTryPrimeLabel" time="0.078" classname="com.amazon.tests.AmazonTestCases"/>
  <testcase name="verifyTryPrimeLabelColor" time="0.042" classname="com.amazon.tests.AmazonTestCases"/>
  <testcase name="verifyTryPrimeClickable" time="1.991" classname="com.amazon.tests.AmazonTestCases"/>
  <testcase name="verifyTryPrimePagetitle" time="0.033" classname="com.amazon.tests.AmazonTestCases"/>
  <testcase name="verifyLoginToPrimeButton" time="0.127" classname="com.amazon.tests.AmazonTestCases"/>
  <testcase name="verifyLoginToPrimeButtonColor" time="3.037" classname="com.amazon.tests.AmazonTestCases"/>
  <testcase name="verifyLoginToPrimeButtonTextColor" time="3.054" classname="com.amazon.tests.AmazonTestCases"/>
  <testcase name="verifyLoginToprimeButtonClickableAnd_BackToAmazonHomePage" time="20.452" classname="com.amazon.tests.AmazonTestCases"/>
  <testcase name="verifyIconNavBarLabel" time="0.478" classname="com.amazon.tests.AmazonTestCases"/>
  <testcase name="verifyIconNavbarClickable" time="5.704" classname="com.amazon.tests.AmazonTestCases"/>
  <testcase name="verifyIconNavbarItems" time="0.175" classname="com.amazon.tests.AmazonTestCases">
    <failure type="org.openqa.selenium.NoSuchElementException" message="no such element: Unable to locate element: {&amp;quot;method&amp;quot;:&amp;quot;css selector&amp;quot;,&amp;quot;selector&amp;quot;:&amp;quot;#hmenu-content&amp;gt;ul.hmenu.hmenu-visible&amp;gt;li&amp;gt;a&amp;quot;}
  (Session info: chrome=80.0.3987.149)
For documentation on this error, please visit: http://seleniumhq.org/exceptions/no_such_element.html
Build info: version: &amp;apos;3.14.0&amp;apos;, revision: &amp;apos;aacccce0&amp;apos;, time: &amp;apos;2018-08-02T20:19:58.91Z&amp;apos;
System info: host: &amp;apos;DESKTOP-QL1AS75&amp;apos;, ip: &amp;apos;192.168.1.115&amp;apos;, os.name: &amp;apos;Windows 10&amp;apos;, os.arch: &amp;apos;amd64&amp;apos;, os.version: &amp;apos;10.0&amp;apos;, java.version: &amp;apos;1.8.0_221&amp;apos;
Driver info: org.openqa.selenium.chrome.ChromeDriver
Capabilities {acceptInsecureCerts: false, browserName: chrome, browserVersion: 80.0.3987.149, chrome: {chromedriverVersion: 80.0.3987.106 (f68069574609..., userDataDir: C:\Users\Minal\AppData\Loca...}, goog:chromeOptions: {debuggerAddress: localhost:5114}, javascriptEnabled: true, networkConnectionEnabled: false, pageLoadStrategy: normal, platform: WINDOWS, platformName: WINDOWS, proxy: Proxy(), setWindowRect: true, strictFileInteractability: false, timeouts: {implicit: 0, pageLoad: 300000, script: 30000}, unhandledPromptBehavior: dismiss and notify}
Session ID: 96e84eda44795f980523f3dffbc87d55
*** Element info: {Using=css selector, value=#hmenu-content&amp;gt;ul.hmenu.hmenu-visible&amp;gt;li&amp;gt;a}">
      <![CDATA[org.openqa.selenium.NoSuchElementException: no such element: Unable to locate element: {"method":"css selector","selector":"#hmenu-content>ul.hmenu.hmenu-visible>li>a"}
  (Session info: chrome=80.0.3987.149)
For documentation on this error, please visit: http://seleniumhq.org/exceptions/no_such_element.html
Build info: version: '3.14.0', revision: 'aacccce0', time: '2018-08-02T20:19:58.91Z'
System info: host: 'DESKTOP-QL1AS75', ip: '192.168.1.115', os.name: 'Windows 10', os.arch: 'amd64', os.version: '10.0', java.version: '1.8.0_221'
Driver info: org.openqa.selenium.chrome.ChromeDriver
Capabilities {acceptInsecureCerts: false, browserName: chrome, browserVersion: 80.0.3987.149, chrome: {chromedriverVersion: 80.0.3987.106 (f68069574609..., userDataDir: C:\Users\Minal\AppData\Loca...}, goog:chromeOptions: {debuggerAddress: localhost:5114}, javascriptEnabled: true, networkConnectionEnabled: false, pageLoadStrategy: normal, platform: WINDOWS, platformName: WINDOWS, proxy: Proxy(), setWindowRect: true, strictFileInteractability: false, timeouts: {implicit: 0, pageLoad: 300000, script: 30000}, unhandledPromptBehavior: dismiss and notify}
Session ID: 96e84eda44795f980523f3dffbc87d55
*** Element info: {Using=css selector, value=#hmenu-content>ul.hmenu.hmenu-visible>li>a}
at sun.reflect.NativeConstructorAccessorImpl.newInstance0(Native Method)
at sun.reflect.NativeConstructorAccessorImpl.newInstance(Unknown Source)
at sun.reflect.DelegatingConstructorAccessorImpl.newInstance(Unknown Source)
at java.lang.reflect.Constructor.newInstance(Unknown Source)
at org.openqa.selenium.remote.http.W3CHttpResponseCodec.createException(W3CHttpResponseCodec.java:187)
at org.openqa.selenium.remote.http.W3CHttpResponseCodec.decode(W3CHttpResponseCodec.java:122)
at org.openqa.selenium.remote.http.W3CHttpResponseCodec.decode(W3CHttpResponseCodec.java:49)
at org.openqa.selenium.remote.HttpCommandExecutor.execute(HttpCommandExecutor.java:158)
at org.openqa.selenium.remote.service.DriverCommandExecutor.execute(DriverCommandExecutor.java:83)
at org.openqa.selenium.remote.RemoteWebDriver.execute(RemoteWebDriver.java:548)
at org.openqa.selenium.remote.RemoteWebDriver.findElement(RemoteWebDriver.java:322)
at org.openqa.selenium.remote.RemoteWebDriver.findElementByCssSelector(RemoteWebDriver.java:416)
at org.openqa.selenium.By$ByCssSelector.findElement(By.java:431)
at org.openqa.selenium.remote.RemoteWebDriver.findElement(RemoteWebDriver.java:314)
at com.amazon.keywords.Keywords.getWebElement(Keywords.java:71)
at com.amazon.keywords.Keywords.clickOnElement(Keywords.java:151)
at com.amazon.tests.AmazonTestCases.verifyIconNavbarItems(AmazonTestCases.java:135)
at sun.reflect.NativeMethodAccessorImpl.invoke0(Native Method)
at sun.reflect.NativeMethodAccessorImpl.invoke(Unknown Source)
at sun.reflect.DelegatingMethodAccessorImpl.invoke(Unknown Source)
at java.lang.reflect.Method.invoke(Unknown Source)
at org.testng.internal.MethodInvocationHelper.invokeMethod(MethodInvocationHelper.java:124)
at org.testng.internal.Invoker.invokeMethod(Invoker.java:583)
at org.testng.internal.Invoker.invokeTestMethod(Invoker.java:719)
at org.testng.internal.Invoker.invokeTestMethods(Invoker.java:989)
at org.testng.internal.TestMethodWorker.invokeTestMethods(TestMethodWorker.java:125)
at org.testng.internal.TestMethodWorker.run(TestMethodWorker.java:109)
at org.testng.TestRunner.privateRun(TestRunner.java:648)
at org.testng.TestRunner.run(TestRunner.java:505)
at org.testng.SuiteRunner.runTest(SuiteRunner.java:455)
at org.testng.SuiteRunner.runSequentially(SuiteRunner.java:450)
at org.testng.SuiteRunner.privateRun(SuiteRunner.java:415)
at org.testng.SuiteRunner.run(SuiteRunner.java:364)
at org.testng.SuiteRunnerWorker.runSuite(SuiteRunnerWorker.java:52)
at org.testng.SuiteRunnerWorker.run(SuiteRunnerWorker.java:84)
at org.testng.TestNG.runSuitesSequentially(TestNG.java:1208)
at org.testng.TestNG.runSuitesLocally(TestNG.java:1137)
at org.testng.TestNG.runSuites(TestNG.java:1049)
at org.testng.TestNG.run(TestNG.java:1017)
at org.testng.remote.AbstractRemoteTestNG.run(AbstractRemoteTestNG.java:115)
at org.testng.remote.RemoteTestNG.initAndRun(RemoteTestNG.java:251)
at org.testng.remote.RemoteTestNG.main(RemoteTestNG.java:77)
]]>
    </failure>
  </testcase> <!-- verifyIconNavbarItems -->
</testsuite> <!-- Default test -->
