<html>
<head>
<title>TestNG:  Default test</title>
<link href="../testng.css" rel="stylesheet" type="text/css" />
<link href="../my-testng.css" rel="stylesheet" type="text/css" />

<style type="text/css">
.log { display: none;} 
.stack-trace { display: none;} 
</style>
<script type="text/javascript">
<!--
function flip(e) {
  current = e.style.display;
  if (current == 'block') {
    e.style.display = 'none';
    return 0;
  }
  else {
    e.style.display = 'block';
    return 1;
  }
}

function toggleBox(szDivId, elem, msg1, msg2)
{
  var res = -1;  if (document.getElementById) {
    res = flip(document.getElementById(szDivId));
  }
  else if (document.all) {
    // this is the way old msie versions work
    res = flip(document.all[szDivId]);
  }
  if(elem) {
    if(res == 0) elem.innerHTML = msg1; else elem.innerHTML = msg2;
  }

}

function toggleAllBoxes() {
  if (document.getElementsByTagName) {
    d = document.getElementsByTagName('div');
    for (i = 0; i < d.length; i++) {
      if (d[i].className == 'log') {
        flip(d[i]);
      }
    }
  }
}

// -->
</script>

</head>
<body>
<h2 align='center'>Default test</h2><table border='1' align="center">
<tr>
<td>Tests passed/Failed/Skipped:</td><td>14/1/0</td>
</tr><tr>
<td>Started on:</td><td>Sat Mar 28 15:13:33 IST 2020</td>
</tr>
<tr><td>Total time:</td><td>59 seconds (59916 ms)</td>
</tr><tr>
<td>Included groups:</td><td></td>
</tr><tr>
<td>Excluded groups:</td><td></td>
</tr>
</table><p/>
<small><i>(Hover the method name to see the test class name)</i></small><p/>
<table width='100%' border='1' class='invocation-failed'>
<tr><td colspan='4' align='center'><b>FAILED TESTS</b></td></tr>
<tr><td><b>Test method</b></td>
<td width="30%"><b>Exception</b></td>
<td width="10%"><b>Time (seconds)</b></td>
<td><b>Instance</b></td>
</tr>
<tr>
<td title='com.amazon.tests.AmazonTestCases.verifyIconNavbarItems()'><b>verifyIconNavbarItems</b><br>Test class: com.amazon.tests.AmazonTestCases</td>
<td><div><pre>org.openqa.selenium.NoSuchElementException: no such element: Unable to locate element: {&quot;method&quot;:&quot;css selector&quot;,&quot;selector&quot;:&quot;#hmenu-content&gt;ul.hmenu.hmenu-visible&gt;li&gt;a&quot;}
  (Session info: chrome=80.0.3987.149)
For documentation on this error, please visit: http://seleniumhq.org/exceptions/no_such_element.html
Build info: version: &apos;3.14.0&apos;, revision: &apos;aacccce0&apos;, time: &apos;2018-08-02T20:19:58.91Z&apos;
System info: host: &apos;DESKTOP-QL1AS75&apos;, ip: &apos;192.168.1.115&apos;, os.name: &apos;Windows 10&apos;, os.arch: &apos;amd64&apos;, os.version: &apos;10.0&apos;, java.version: &apos;1.8.0_221&apos;
Driver info: org.openqa.selenium.chrome.ChromeDriver
Capabilities {acceptInsecureCerts: false, browserName: chrome, browserVersion: 80.0.3987.149, chrome: {chromedriverVersion: 80.0.3987.106 (f68069574609..., userDataDir: C:\Users\Minal\AppData\Loca...}, goog:chromeOptions: {debuggerAddress: localhost:5114}, javascriptEnabled: true, networkConnectionEnabled: false, pageLoadStrategy: normal, platform: WINDOWS, platformName: WINDOWS, proxy: Proxy(), setWindowRect: true, strictFileInteractability: false, timeouts: {implicit: 0, pageLoad: 300000, script: 30000}, unhandledPromptBehavior: dismiss and notify}
Session ID: 96e84eda44795f980523f3dffbc87d55
*** Element info: {Using=css selector, value=#hmenu-content&gt;ul.hmenu.hmenu-visible&gt;li&gt;a}
	at sun.reflect.NativeConstructorAccessorImpl.newInstance0(Native Method)
	at sun.reflect.NativeConstructorAccessorImpl.newInstance(Unknown Source)
	at sun.reflect.DelegatingConstructorAccessorImpl.newInstance(Unknown Source)
	at java.lang.reflect.Constructor.newInstance(Unknown Source)
	at org.openqa.selenium.remote.http.W3CHttpResponseCodec.createException(W3CHttpResponseCodec.java:187)
	at org.openqa.selenium.remote.http.W3CHttpResponseCodec.decode(W3CHttpResponseCodec.java:122)
	at org.openqa.selenium.remote.http.W3CHttpResponseCodec.decode(W3CHttpResponseCodec.java:49)
	at org.openqa.selenium.remote.HttpCommandExecutor.execute(HttpCommandExecutor.java:158)
	at org.openqa.selenium.remote.service.DriverCommandExecutor.execute(DriverCommandExecutor.java:83)
	at org.openqa.selenium.remote.RemoteWebDriver.execute(RemoteWebDriver.java:548)
	at org.openqa.selenium.remote.RemoteWebDriver.findElement(RemoteWebDriver.java:322)
	at org.openqa.selenium.remote.RemoteWebDriver.findElementByCssSelector(RemoteWebDriver.java:416)
	at org.openqa.selenium.By$ByCssSelector.findElement(By.java:431)
	at org.openqa.selenium.remote.RemoteWebDriver.findElement(RemoteWebDriver.java:314)
	at com.amazon.keywords.Keywords.getWebElement(Keywords.java:71)
	at com.amazon.keywords.Keywords.clickOnElement(Keywords.java:151)
	at com.amazon.tests.AmazonTestCases.verifyIconNavbarItems(AmazonTestCases.java:135)
	at sun.reflect.NativeMethodAccessorImpl.invoke0(Native Method)
	at sun.reflect.NativeMethodAccessorImpl.invoke(Unknown Source)
	at sun.reflect.DelegatingMethodAccessorImpl.invoke(Unknown Source)
	at java.lang.reflect.Method.invoke(Unknown Source)
	at org.testng.internal.MethodInvocationHelper.invokeMethod(MethodInvocationHelper.java:124)
	at org.testng.internal.Invoker.invokeMethod(Invoker.java:583)
	at org.testng.internal.Invoker.invokeTestMethod(Invoker.java:719)
	at org.testng.internal.Invoker.invokeTestMethods(Invoker.java:989)
	at org.testng.internal.TestMethodWorker.invokeTestMethods(TestMethodWorker.java:125)
	at org.testng.internal.TestMethodWorker.run(TestMethodWorker.java:109)
	at org.testng.TestRunner.privateRun(TestRunner.java:648)
	at org.testng.TestRunner.run(TestRunner.java:505)
	at org.testng.SuiteRunner.runTest(SuiteRunner.java:455)
	at org.testng.SuiteRunner.runSequentially(SuiteRunner.java:450)
	at org.testng.SuiteRunner.privateRun(SuiteRunner.java:415)
	at org.testng.SuiteRunner.run(SuiteRunner.java:364)
	at org.testng.SuiteRunnerWorker.runSuite(SuiteRunnerWorker.java:52)
	at org.testng.SuiteRunnerWorker.run(SuiteRunnerWorker.java:84)
	at org.testng.TestNG.runSuitesSequentially(TestNG.java:1208)
	at org.testng.TestNG.runSuitesLocally(TestNG.java:1137)
	at org.testng.TestNG.runSuites(TestNG.java:1049)
	at org.testng.TestNG.run(TestNG.java:1017)
	at org.testng.remote.AbstractRemoteTestNG.run(AbstractRemoteTestNG.java:115)
	at org.testng.remote.RemoteTestNG.initAndRun(RemoteTestNG.java:251)
	at org.testng.remote.RemoteTestNG.main(RemoteTestNG.java:77)
</pre></div><a href='#' onClick='toggleBox("stack-trace836427078", this, "Click to show all stack frames", "Click to hide stack frames")'>Click to show all stack frames</a>
<div class='stack-trace' id='stack-trace836427078'><pre>org.openqa.selenium.NoSuchElementException: no such element: Unable to locate element: {&quot;method&quot;:&quot;css selector&quot;,&quot;selector&quot;:&quot;#hmenu-content&gt;ul.hmenu.hmenu-visible&gt;li&gt;a&quot;}
  (Session info: chrome=80.0.3987.149)
For documentation on this error, please visit: http://seleniumhq.org/exceptions/no_such_element.html
Build info: version: &apos;3.14.0&apos;, revision: &apos;aacccce0&apos;, time: &apos;2018-08-02T20:19:58.91Z&apos;
System info: host: &apos;DESKTOP-QL1AS75&apos;, ip: &apos;192.168.1.115&apos;, os.name: &apos;Windows 10&apos;, os.arch: &apos;amd64&apos;, os.version: &apos;10.0&apos;, java.version: &apos;1.8.0_221&apos;
Driver info: org.openqa.selenium.chrome.ChromeDriver
Capabilities {acceptInsecureCerts: false, browserName: chrome, browserVersion: 80.0.3987.149, chrome: {chromedriverVersion: 80.0.3987.106 (f68069574609..., userDataDir: C:\Users\Minal\AppData\Loca...}, goog:chromeOptions: {debuggerAddress: localhost:5114}, javascriptEnabled: true, networkConnectionEnabled: false, pageLoadStrategy: normal, platform: WINDOWS, platformName: WINDOWS, proxy: Proxy(), setWindowRect: true, strictFileInteractability: false, timeouts: {implicit: 0, pageLoad: 300000, script: 30000}, unhandledPromptBehavior: dismiss and notify}
Session ID: 96e84eda44795f980523f3dffbc87d55
*** Element info: {Using=css selector, value=#hmenu-content&gt;ul.hmenu.hmenu-visible&gt;li&gt;a}
	at sun.reflect.NativeConstructorAccessorImpl.newInstance0(Native Method)
	at sun.reflect.NativeConstructorAccessorImpl.newInstance(Unknown Source)
	at sun.reflect.DelegatingConstructorAccessorImpl.newInstance(Unknown Source)
	at java.lang.reflect.Constructor.newInstance(Unknown Source)
	at org.openqa.selenium.remote.http.W3CHttpResponseCodec.createException(W3CHttpResponseCodec.java:187)
	at org.openqa.selenium.remote.http.W3CHttpResponseCodec.decode(W3CHttpResponseCodec.java:122)
	at org.openqa.selenium.remote.http.W3CHttpResponseCodec.decode(W3CHttpResponseCodec.java:49)
	at org.openqa.selenium.remote.HttpCommandExecutor.execute(HttpCommandExecutor.java:158)
	at org.openqa.selenium.remote.service.DriverCommandExecutor.execute(DriverCommandExecutor.java:83)
	at org.openqa.selenium.remote.RemoteWebDriver.execute(RemoteWebDriver.java:548)
	at org.openqa.selenium.remote.RemoteWebDriver.findElement(RemoteWebDriver.java:322)
	at org.openqa.selenium.remote.RemoteWebDriver.findElementByCssSelector(RemoteWebDriver.java:416)
	at org.openqa.selenium.By$ByCssSelector.findElement(By.java:431)
	at org.openqa.selenium.remote.RemoteWebDriver.findElement(RemoteWebDriver.java:314)
	at com.amazon.keywords.Keywords.getWebElement(Keywords.java:71)
	at com.amazon.keywords.Keywords.clickOnElement(Keywords.java:151)
	at com.amazon.tests.AmazonTestCases.verifyIconNavbarItems(AmazonTestCases.java:135)
	at sun.reflect.NativeMethodAccessorImpl.invoke0(Native Method)
	at sun.reflect.NativeMethodAccessorImpl.invoke(Unknown Source)
	at sun.reflect.DelegatingMethodAccessorImpl.invoke(Unknown Source)
	at java.lang.reflect.Method.invoke(Unknown Source)
	at org.testng.internal.MethodInvocationHelper.invokeMethod(MethodInvocationHelper.java:124)
	at org.testng.internal.Invoker.invokeMethod(Invoker.java:583)
	at org.testng.internal.Invoker.invokeTestMethod(Invoker.java:719)
	at org.testng.internal.Invoker.invokeTestMethods(Invoker.java:989)
	at org.testng.internal.TestMethodWorker.invokeTestMethods(TestMethodWorker.java:125)
	at org.testng.internal.TestMethodWorker.run(TestMethodWorker.java:109)
	at org.testng.TestRunner.privateRun(TestRunner.java:648)
	at org.testng.TestRunner.run(TestRunner.java:505)
	at org.testng.SuiteRunner.runTest(SuiteRunner.java:455)
	at org.testng.SuiteRunner.runSequentially(SuiteRunner.java:450)
	at org.testng.SuiteRunner.privateRun(SuiteRunner.java:415)
	at org.testng.SuiteRunner.run(SuiteRunner.java:364)
	at org.testng.SuiteRunnerWorker.runSuite(SuiteRunnerWorker.java:52)
	at org.testng.SuiteRunnerWorker.run(SuiteRunnerWorker.java:84)
	at org.testng.TestNG.runSuitesSequentially(TestNG.java:1208)
	at org.testng.TestNG.runSuitesLocally(TestNG.java:1137)
	at org.testng.TestNG.runSuites(TestNG.java:1049)
	at org.testng.TestNG.run(TestNG.java:1017)
	at org.testng.remote.AbstractRemoteTestNG.run(AbstractRemoteTestNG.java:115)
	at org.testng.remote.RemoteTestNG.initAndRun(RemoteTestNG.java:251)
	at org.testng.remote.RemoteTestNG.main(RemoteTestNG.java:77)
</pre></div></td>
<td>0</td>
<td>com.amazon.tests.AmazonTestCases@28d25987</td></tr>
</table><p>
<table width='100%' border='1' class='invocation-passed'>
<tr><td colspan='4' align='center'><b>PASSED TESTS</b></td></tr>
<tr><td><b>Test method</b></td>
<td width="30%"><b>Exception</b></td>
<td width="10%"><b>Time (seconds)</b></td>
<td><b>Instance</b></td>
</tr>
<tr>
<td title='com.amazon.tests.AmazonTestCases.verifyAmazonLogo()'><b>verifyAmazonLogo</b><br>Test class: com.amazon.tests.AmazonTestCases</td>
<td></td>
<td>0</td>
<td>com.amazon.tests.AmazonTestCases@28d25987</td></tr>
<tr>
<td title='com.amazon.tests.AmazonTestCases.verifyAmazonLogoClickable()'><b>verifyAmazonLogoClickable</b><br>Test class: com.amazon.tests.AmazonTestCases</td>
<td></td>
<td>5</td>
<td>com.amazon.tests.AmazonTestCases@28d25987</td></tr>
<tr>
<td title='com.amazon.tests.AmazonTestCases.verifyAmazonLogoColor()'><b>verifyAmazonLogoColor</b><br>Test class: com.amazon.tests.AmazonTestCases</td>
<td></td>
<td>0</td>
<td>com.amazon.tests.AmazonTestCases@28d25987</td></tr>
<tr>
<td title='com.amazon.tests.AmazonTestCases.verifyIconNavBarLabel()'><b>verifyIconNavBarLabel</b><br>Test class: com.amazon.tests.AmazonTestCases</td>
<td></td>
<td>0</td>
<td>com.amazon.tests.AmazonTestCases@28d25987</td></tr>
<tr>
<td title='com.amazon.tests.AmazonTestCases.verifyIconNavbarClickable()'><b>verifyIconNavbarClickable</b><br>Test class: com.amazon.tests.AmazonTestCases</td>
<td></td>
<td>5</td>
<td>com.amazon.tests.AmazonTestCases@28d25987</td></tr>
<tr>
<td title='com.amazon.tests.AmazonTestCases.verifyLoginToPrimeButton()'><b>verifyLoginToPrimeButton</b><br>Test class: com.amazon.tests.AmazonTestCases</td>
<td></td>
<td>0</td>
<td>com.amazon.tests.AmazonTestCases@28d25987</td></tr>
<tr>
<td title='com.amazon.tests.AmazonTestCases.verifyLoginToPrimeButtonColor()'><b>verifyLoginToPrimeButtonColor</b><br>Test class: com.amazon.tests.AmazonTestCases</td>
<td></td>
<td>3</td>
<td>com.amazon.tests.AmazonTestCases@28d25987</td></tr>
<tr>
<td title='com.amazon.tests.AmazonTestCases.verifyLoginToPrimeButtonTextColor()'><b>verifyLoginToPrimeButtonTextColor</b><br>Test class: com.amazon.tests.AmazonTestCases</td>
<td></td>
<td>3</td>
<td>com.amazon.tests.AmazonTestCases@28d25987</td></tr>
<tr>
<td title='com.amazon.tests.AmazonTestCases.verifyLoginToprimeButtonClickableAnd_BackToAmazonHomePage()'><b>verifyLoginToprimeButtonClickableAnd_BackToAmazonHomePage</b><br>Test class: com.amazon.tests.AmazonTestCases</td>
<td></td>
<td>20</td>
<td>com.amazon.tests.AmazonTestCases@28d25987</td></tr>
<tr>
<td title='com.amazon.tests.AmazonTestCases.verifyPageTitleTest()'><b>verifyPageTitleTest</b><br>Test class: com.amazon.tests.AmazonTestCases</td>
<td></td>
<td>0</td>
<td>com.amazon.tests.AmazonTestCases@28d25987</td></tr>
<tr>
<td title='com.amazon.tests.AmazonTestCases.verifyTryPrimeClickable()'><b>verifyTryPrimeClickable</b><br>Test class: com.amazon.tests.AmazonTestCases</td>
<td></td>
<td>1</td>
<td>com.amazon.tests.AmazonTestCases@28d25987</td></tr>
<tr>
<td title='com.amazon.tests.AmazonTestCases.verifyTryPrimeLabel()'><b>verifyTryPrimeLabel</b><br>Test class: com.amazon.tests.AmazonTestCases</td>
<td></td>
<td>0</td>
<td>com.amazon.tests.AmazonTestCases@28d25987</td></tr>
<tr>
<td title='com.amazon.tests.AmazonTestCases.verifyTryPrimeLabelColor()'><b>verifyTryPrimeLabelColor</b><br>Test class: com.amazon.tests.AmazonTestCases</td>
<td></td>
<td>0</td>
<td>com.amazon.tests.AmazonTestCases@28d25987</td></tr>
<tr>
<td title='com.amazon.tests.AmazonTestCases.verifyTryPrimePagetitle()'><b>verifyTryPrimePagetitle</b><br>Test class: com.amazon.tests.AmazonTestCases</td>
<td></td>
<td>0</td>
<td>com.amazon.tests.AmazonTestCases@28d25987</td></tr>
</table><p>
</body>
</html>